Arguments: 
  /usr/local/bin/node /Users/underoot/.local/bin/yarn add node-ytdl-core

PATH: 
  /Users/underoot/.rbenv/shims:/Users/underoot/Library/Android/sdk/emulator:/Users/underoot/Library/Android/sdk/platform-tools:/Users/underoot/Library/Android/sdk/build-tools/30.0.2:/Users/underoot/.gem/ruby/2.7.0/bin:/Users/underoot/.local/bin:/Users/underoot/.gem/bin:/usr/local/bin:/usr/bin:/bin:/usr/sbin:/sbin:/usr/local/MacGPG2/bin:/Library/Apple/usr/bin:/Users/underoot/.rbenv/shims:/Users/underoot/Library/Android/sdk/emulator:/Users/underoot/Library/Android/sdk/platform-tools:/Users/underoot/Library/Android/sdk/build-tools/30.0.2:/Users/underoot/.gem/ruby/2.7.0/bin:/Users/underoot/.local/bin:/Users/underoot/.gem/bin

Yarn version: 
  1.22.10

Node version: 
  15.4.0

Platform: 
  darwin x64

Trace: 
  Error: https://registry.yarnpkg.com/node-ytdl-core: Not found
      at Request.params.callback [as _callback] (/Users/underoot/.local/lib/node_modules/yarn/lib/cli.js:66988:18)
      at Request.self.callback (/Users/underoot/.local/lib/node_modules/yarn/lib/cli.js:140662:22)
      at Request.emit (node:events:376:20)
      at Request.<anonymous> (/Users/underoot/.local/lib/node_modules/yarn/lib/cli.js:141634:10)
      at Request.emit (node:events:376:20)
      at IncomingMessage.<anonymous> (/Users/underoot/.local/lib/node_modules/yarn/lib/cli.js:141556:12)
      at Object.onceWrapper (node:events:482:28)
      at IncomingMessage.emit (node:events:388:22)
      at endReadableNT (node:internal/streams/readable:1295:12)
      at processTicksAndRejections (node:internal/process/task_queues:80:21)

npm manifest: 
  {
    "name": "downloader",
    "version": "1.0.0",
    "main": "index.js",
    "license": "MIT"
  }

yarn manifest: 
  No manifest

Lockfile: 
  No lockfile
